<?xml version="1.0" encoding="UTF-8"?>
<!-- Generated by org.testng.reporters.JUnitReportReporter -->
<testsuite hostname="kuba-Komputer" name="AmericanAirline" tests="3" failures="0" timestamp="19 Apr 2015 13:35:57 GMT" time="34.201" errors="0">
  <testcase name="testMainPage" time="4.819" classname="AmericanAirline"/>
  <testcase name="testDepatur" time="16.424" classname="AmericanAirline"/>
  <testcase name="testHomePage" time="12.958" classname="AmericanAirline"/>
</testsuite> <!-- AmericanAirline -->
