<?xml version="1.0" encoding="UTF-8"?>
<!-- Generated by org.testng.reporters.JUnitReportReporter -->
<testsuite hostname="kuba-Komputer" name="pl.aa.test.AmericanAirline" tests="3" failures="0" timestamp="19 Apr 2015 13:10:35 GMT" time="34.848" errors="0">
  <testcase name="testHomePage" time="14.160" classname="pl.aa.test.AmericanAirline"/>
  <testcase name="testMainPage" time="5.798" classname="pl.aa.test.AmericanAirline"/>
  <testcase name="testDepatur" time="14.890" classname="pl.aa.test.AmericanAirline"/>
</testsuite> <!-- pl.aa.test.AmericanAirline -->
